Analysis & Synthesis report for PBL3
Tue May 25 19:16:59 2021
Quartus Prime Version 20.1.1 Build 720 11/11/2020 SJ Lite Edition


---------------------
; Table of Contents ;
---------------------
  1. Legal Notice
  2. Analysis & Synthesis Summary
  3. Analysis & Synthesis Settings
  4. Parallel Compilation
  5. Analysis & Synthesis Source Files Read
  6. Analysis & Synthesis Resource Usage Summary
  7. Analysis & Synthesis Resource Utilization by Entity
  8. General Register Statistics
  9. Port Connectivity Checks: "decodificador:decod"
 10. Port Connectivity Checks: "multiplexador:displays_mux"
 11. Analysis & Synthesis Messages



----------------
; Legal Notice ;
----------------
Copyright (C) 2020  Intel Corporation. All rights reserved.
Your use of Intel Corporation's design tools, logic functions 
and other software and tools, and any partner logic 
functions, and any output files from any of the foregoing 
(including device programming or simulation files), and any 
associated documentation or information are expressly subject 
to the terms and conditions of the Intel Program License 
Subscription Agreement, the Intel Quartus Prime License Agreement,
the Intel FPGA IP License Agreement, or other applicable license
agreement, including, without limitation, that your use is for
the sole purpose of programming logic devices manufactured by
Intel and sold by Intel or its authorized distributors.  Please
refer to the applicable agreement for further details, at
https://fpgasoftware.intel.com/eula.



+---------------------------------------------------------------------------+
; Analysis & Synthesis Summary                                              ;
+-----------------------------+---------------------------------------------+
; Analysis & Synthesis Status ; Successful - Tue May 25 19:16:59 2021       ;
; Quartus Prime Version       ; 20.1.1 Build 720 11/11/2020 SJ Lite Edition ;
; Revision Name               ; PBL3                                        ;
; Top-level Entity Name       ; circuito_principal                          ;
; Family                      ; MAX II                                      ;
; Total logic elements        ; 6                                           ;
; Total pins                  ; 9                                           ;
; Total virtual pins          ; 0                                           ;
; UFM blocks                  ; 0 / 1 ( 0 % )                               ;
+-----------------------------+---------------------------------------------+


+------------------------------------------------------------------------------------------------------------+
; Analysis & Synthesis Settings                                                                              ;
+------------------------------------------------------------------+--------------------+--------------------+
; Option                                                           ; Setting            ; Default Value      ;
+------------------------------------------------------------------+--------------------+--------------------+
; Device                                                           ; EPM240T100C5       ;                    ;
; Top-level entity name                                            ; circuito_principal ; PBL3               ;
; Family name                                                      ; MAX II             ; Cyclone V          ;
; Use smart compilation                                            ; Off                ; Off                ;
; Enable parallel Assembler and Timing Analyzer during compilation ; On                 ; On                 ;
; Enable compact report table                                      ; Off                ; Off                ;
; Restructure Multiplexers                                         ; Auto               ; Auto               ;
; Create Debugging Nodes for IP Cores                              ; Off                ; Off                ;
; Preserve fewer node names                                        ; On                 ; On                 ;
; Intel FPGA IP Evaluation Mode                                    ; Enable             ; Enable             ;
; Verilog Version                                                  ; Verilog_2001       ; Verilog_2001       ;
; VHDL Version                                                     ; VHDL_1993          ; VHDL_1993          ;
; State Machine Processing                                         ; Auto               ; Auto               ;
; Safe State Machine                                               ; Off                ; Off                ;
; Extract Verilog State Machines                                   ; On                 ; On                 ;
; Extract VHDL State Machines                                      ; On                 ; On                 ;
; Ignore Verilog initial constructs                                ; Off                ; Off                ;
; Iteration limit for constant Verilog loops                       ; 5000               ; 5000               ;
; Iteration limit for non-constant Verilog loops                   ; 250                ; 250                ;
; Add Pass-Through Logic to Inferred RAMs                          ; On                 ; On                 ;
; Infer RAMs from Raw Logic                                        ; On                 ; On                 ;
; Parallel Synthesis                                               ; On                 ; On                 ;
; NOT Gate Push-Back                                               ; On                 ; On                 ;
; Power-Up Don't Care                                              ; On                 ; On                 ;
; Remove Redundant Logic Cells                                     ; Off                ; Off                ;
; Remove Duplicate Registers                                       ; On                 ; On                 ;
; Ignore CARRY Buffers                                             ; Off                ; Off                ;
; Ignore CASCADE Buffers                                           ; Off                ; Off                ;
; Ignore GLOBAL Buffers                                            ; Off                ; Off                ;
; Ignore ROW GLOBAL Buffers                                        ; Off                ; Off                ;
; Ignore LCELL Buffers                                             ; Off                ; Off                ;
; Ignore SOFT Buffers                                              ; On                 ; On                 ;
; Limit AHDL Integers to 32 Bits                                   ; Off                ; Off                ;
; Optimization Technique                                           ; Balanced           ; Balanced           ;
; Carry Chain Length                                               ; 70                 ; 70                 ;
; Auto Carry Chains                                                ; On                 ; On                 ;
; Auto Open-Drain Pins                                             ; On                 ; On                 ;
; Perform WYSIWYG Primitive Resynthesis                            ; Off                ; Off                ;
; Auto Shift Register Replacement                                  ; Auto               ; Auto               ;
; Allow Shift Register Merging across Hierarchies                  ; Auto               ; Auto               ;
; Auto Clock Enable Replacement                                    ; On                 ; On                 ;
; Allow Synchronous Control Signals                                ; On                 ; On                 ;
; Force Use of Synchronous Clear Signals                           ; Off                ; Off                ;
; Auto Resource Sharing                                            ; Off                ; Off                ;
; Use LogicLock Constraints during Resource Balancing              ; On                 ; On                 ;
; Ignore translate_off and synthesis_off directives                ; Off                ; Off                ;
; Report Parameter Settings                                        ; On                 ; On                 ;
; Report Source Assignments                                        ; On                 ; On                 ;
; Report Connectivity Checks                                       ; On                 ; On                 ;
; Ignore Maximum Fan-Out Assignments                               ; Off                ; Off                ;
; Synchronization Register Chain Length                            ; 2                  ; 2                  ;
; Power Optimization During Synthesis                              ; Normal compilation ; Normal compilation ;
; HDL message level                                                ; Level2             ; Level2             ;
; Suppress Register Optimization Related Messages                  ; Off                ; Off                ;
; Number of Removed Registers Reported in Synthesis Report         ; 5000               ; 5000               ;
; Number of Swept Nodes Reported in Synthesis Report               ; 5000               ; 5000               ;
; Number of Inverted Registers Reported in Synthesis Report        ; 100                ; 100                ;
; Clock MUX Protection                                             ; On                 ; On                 ;
; Block Design Naming                                              ; Auto               ; Auto               ;
; Synthesis Effort                                                 ; Auto               ; Auto               ;
; Shift Register Replacement - Allow Asynchronous Clear Signal     ; On                 ; On                 ;
; Analysis & Synthesis Message Level                               ; Medium             ; Medium             ;
; Disable Register Merging Across Hierarchies                      ; Auto               ; Auto               ;
+------------------------------------------------------------------+--------------------+--------------------+


+------------------------------------------+
; Parallel Compilation                     ;
+----------------------------+-------------+
; Processors                 ; Number      ;
+----------------------------+-------------+
; Number detected on machine ; 2           ;
; Maximum allowed            ; 2           ;
;                            ;             ;
; Average used               ; 1.00        ;
; Maximum used               ; 1           ;
;                            ;             ;
; Usage by Processor         ; % Time Used ;
;     Processor 1            ; 100.0%      ;
+----------------------------+-------------+


+-----------------------------------------------------------------------------------------------------------------------------------------------------------------------------------+
; Analysis & Synthesis Source Files Read                                                                                                                                            ;
+----------------------------------+-----------------+------------------------+-------------------------------------------------------------------------------------------+---------+
; File Name with User-Entered Path ; Used in Netlist ; File Type              ; File Name with Absolute Path                                                              ; Library ;
+----------------------------------+-----------------+------------------------+-------------------------------------------------------------------------------------------+---------+
; decodificador.v                  ; yes             ; User Verilog HDL File  ; /home/antony/Documents/Mega/UEFS/2020.1/MI - Circuitos Digitais/PBL3/decodificador.v      ;         ;
; multiplexador.v                  ; yes             ; User Verilog HDL File  ; /home/antony/Documents/Mega/UEFS/2020.1/MI - Circuitos Digitais/PBL3/multiplexador.v      ;         ;
; circuito_principal.v             ; yes             ; User Verilog HDL File  ; /home/antony/Documents/Mega/UEFS/2020.1/MI - Circuitos Digitais/PBL3/circuito_principal.v ;         ;
; acumulador.v                     ; yes             ; User Verilog HDL File  ; /home/antony/Documents/Mega/UEFS/2020.1/MI - Circuitos Digitais/PBL3/acumulador.v         ;         ;
+----------------------------------+-----------------+------------------------+-------------------------------------------------------------------------------------------+---------+


+-----------------------------------------------------------------------------+
; Analysis & Synthesis Resource Usage Summary                                 ;
+---------------------------------------------+-------------------------------+
; Resource                                    ; Usage                         ;
+---------------------------------------------+-------------------------------+
; Total logic elements                        ; 6                             ;
;     -- Combinational with no register       ; 2                             ;
;     -- Register only                        ; 0                             ;
;     -- Combinational with a register        ; 4                             ;
;                                             ;                               ;
; Logic element usage by number of LUT inputs ;                               ;
;     -- 4 input functions                    ; 3                             ;
;     -- 3 input functions                    ; 1                             ;
;     -- 2 input functions                    ; 2                             ;
;     -- 1 input functions                    ; 0                             ;
;     -- 0 input functions                    ; 0                             ;
;                                             ;                               ;
; Logic elements by mode                      ;                               ;
;     -- normal mode                          ; 6                             ;
;     -- arithmetic mode                      ; 0                             ;
;     -- qfbk mode                            ; 0                             ;
;     -- register cascade mode                ; 0                             ;
;     -- synchronous clear/load mode          ; 0                             ;
;     -- asynchronous clear/load mode         ; 0                             ;
;                                             ;                               ;
; Total registers                             ; 4                             ;
; I/O pins                                    ; 9                             ;
; Maximum fan-out node                        ; acumulador:acum|acumulador[0] ;
; Maximum fan-out                             ; 4                             ;
; Total fan-out                               ; 27                            ;
; Average fan-out                             ; 1.80                          ;
+---------------------------------------------+-------------------------------+


+-----------------------------------------------------------------------------------------------------------------------------------------------------------------------------------------------------------------------------------------------------------+
; Analysis & Synthesis Resource Utilization by Entity                                                                                                                                                                                                       ;
+----------------------------+-------------+--------------+------------+------+--------------+--------------+-------------------+------------------+-----------------+------------+-------------------------------------+--------------------+--------------+
; Compilation Hierarchy Node ; Logic Cells ; LC Registers ; UFM Blocks ; Pins ; Virtual Pins ; LUT-Only LCs ; Register-Only LCs ; LUT/Register LCs ; Carry Chain LCs ; Packed LCs ; Full Hierarchy Name                 ; Entity Name        ; Library Name ;
+----------------------------+-------------+--------------+------------+------+--------------+--------------+-------------------+------------------+-----------------+------------+-------------------------------------+--------------------+--------------+
; |circuito_principal        ; 6 (0)       ; 4            ; 0          ; 9    ; 0            ; 2 (0)        ; 0 (0)             ; 4 (0)            ; 0 (0)           ; 0 (0)      ; |circuito_principal                 ; circuito_principal ; work         ;
;    |acumulador:acum|       ; 6 (6)       ; 4            ; 0          ; 0    ; 0            ; 2 (2)        ; 0 (0)             ; 4 (4)            ; 0 (0)           ; 0 (0)      ; |circuito_principal|acumulador:acum ; acumulador         ; work         ;
+----------------------------+-------------+--------------+------------+------+--------------+--------------+-------------------+------------------+-----------------+------------+-------------------------------------+--------------------+--------------+
Note: For table entries with two numbers listed, the numbers in parentheses indicate the number of resources of the given type used by the specific entity alone. The numbers listed outside of parentheses indicate the total resources of the given type used by the specific entity and all of its sub-entities in the hierarchy.


+------------------------------------------------------+
; General Register Statistics                          ;
+----------------------------------------------+-------+
; Statistic                                    ; Value ;
+----------------------------------------------+-------+
; Total registers                              ; 4     ;
; Number of registers using Synchronous Clear  ; 0     ;
; Number of registers using Synchronous Load   ; 0     ;
; Number of registers using Asynchronous Clear ; 0     ;
; Number of registers using Asynchronous Load  ; 0     ;
; Number of registers using Clock Enable       ; 0     ;
; Number of registers using Preset             ; 0     ;
+----------------------------------------------+-------+


+-----------------------------------------------------------------------------------------------------------------------------------------------------------------------------------+
; Port Connectivity Checks: "decodificador:decod"                                                                                                                                   ;
+-----------+--------+----------+---------------------------------------------------------------------------------------------------------------------------------------------------+
; Port      ; Type   ; Severity ; Details                                                                                                                                           ;
+-----------+--------+----------+---------------------------------------------------------------------------------------------------------------------------------------------------+
; codigoBCD ; Input  ; Warning  ; Input port expression (1 bits) is smaller than the input port (4 bits) it drives.  Extra input bit(s) "codigoBCD[3..1]" will be connected to GND. ;
; segmentos ; Output ; Warning  ; Output or bidir port (7 bits) is wider than the port expression (1 bits) it drives; bit(s) "segmentos[6..1]" have no fanouts                      ;
; segmentos ; Output ; Info     ; Connected to dangling logic. Logic that only feeds a dangling port will be removed.                                                               ;
+-----------+--------+----------+---------------------------------------------------------------------------------------------------------------------------------------------------+


+------------------------------------------------------------------------------------------------------------------------------------------------------------+
; Port Connectivity Checks: "multiplexador:displays_mux"                                                                                                     ;
+----------+--------+----------+-----------------------------------------------------------------------------------------------------------------------------+
; Port     ; Type   ; Severity ; Details                                                                                                                     ;
+----------+--------+----------+-----------------------------------------------------------------------------------------------------------------------------+
; displays ; Output ; Warning  ; Output or bidir port (4 bits) is wider than the port expression (1 bits) it drives; bit(s) "displays[3..1]" have no fanouts ;
; displays ; Output ; Info     ; Connected to dangling logic. Logic that only feeds a dangling port will be removed.                                         ;
+----------+--------+----------+-----------------------------------------------------------------------------------------------------------------------------+


+-------------------------------+
; Analysis & Synthesis Messages ;
+-------------------------------+
Info: *******************************************************************
Info: Running Quartus Prime Analysis & Synthesis
    Info: Version 20.1.1 Build 720 11/11/2020 SJ Lite Edition
    Info: Processing started: Tue May 25 19:16:27 2021
Info: Command: quartus_map --read_settings_files=on --write_settings_files=off PBL3 -c PBL3
Warning (18236): Number of processors has not been specified which may cause overloading on shared machines.  Set the global assignment NUM_PARALLEL_PROCESSORS in your QSF to an appropriate value for best performance.
Info (20030): Parallel compilation is enabled and will use 2 of the 2 processors detected
Info (12021): Found 1 design units, including 1 entities, in source file decodificador.v
    Info (12023): Found entity 1: decodificador File: /home/antony/Documents/Mega/UEFS/2020.1/MI - Circuitos Digitais/PBL3/decodificador.v Line: 1
Info (12021): Found 1 design units, including 1 entities, in source file multiplexador.v
    Info (12023): Found entity 1: multiplexador File: /home/antony/Documents/Mega/UEFS/2020.1/MI - Circuitos Digitais/PBL3/multiplexador.v Line: 1
Info (12021): Found 1 design units, including 1 entities, in source file circuito_principal.v
    Info (12023): Found entity 1: circuito_principal File: /home/antony/Documents/Mega/UEFS/2020.1/MI - Circuitos Digitais/PBL3/circuito_principal.v Line: 1
Info (12021): Found 1 design units, including 1 entities, in source file acumulador.v
    Info (12023): Found entity 1: acumulador File: /home/antony/Documents/Mega/UEFS/2020.1/MI - Circuitos Digitais/PBL3/acumulador.v Line: 1
Warning (10236): Verilog HDL Implicit Net warning at circuito_principal.v(20): created implicit net for "displays" File: /home/antony/Documents/Mega/UEFS/2020.1/MI - Circuitos Digitais/PBL3/circuito_principal.v Line: 20
Warning (10236): Verilog HDL Implicit Net warning at circuito_principal.v(26): created implicit net for "segmentos" File: /home/antony/Documents/Mega/UEFS/2020.1/MI - Circuitos Digitais/PBL3/circuito_principal.v Line: 26
Info (12127): Elaborating entity "circuito_principal" for the top level hierarchy
Warning (10235): Verilog HDL Always Construct warning at circuito_principal.v(11): variable "espera" is read inside the Always Construct but isn't in the Always Construct's Event Control File: /home/antony/Documents/Mega/UEFS/2020.1/MI - Circuitos Digitais/PBL3/circuito_principal.v Line: 11
Warning (10240): Verilog HDL Always Construct warning at circuito_principal.v(10): inferring latch(es) for variable "espera", which holds its previous value in one or more paths through the always construct File: /home/antony/Documents/Mega/UEFS/2020.1/MI - Circuitos Digitais/PBL3/circuito_principal.v Line: 10
Info (12128): Elaborating entity "multiplexador" for hierarchy "multiplexador:displays_mux" File: /home/antony/Documents/Mega/UEFS/2020.1/MI - Circuitos Digitais/PBL3/circuito_principal.v Line: 21
Warning (10230): Verilog HDL assignment warning at multiplexador.v(41): truncated value with size 32 to match size of target (3) File: /home/antony/Documents/Mega/UEFS/2020.1/MI - Circuitos Digitais/PBL3/multiplexador.v Line: 41
Info (12128): Elaborating entity "decodificador" for hierarchy "decodificador:decod" File: /home/antony/Documents/Mega/UEFS/2020.1/MI - Circuitos Digitais/PBL3/circuito_principal.v Line: 27
Info (12128): Elaborating entity "acumulador" for hierarchy "acumulador:acum" File: /home/antony/Documents/Mega/UEFS/2020.1/MI - Circuitos Digitais/PBL3/circuito_principal.v Line: 35
Warning (12241): 2 hierarchies have connectivity warnings - see the Connectivity Checks report folder
Warning (21074): Design contains 1 input pin(s) that do not drive logic
    Warning (15610): No output dependent on input pin "codigoBCD" File: /home/antony/Documents/Mega/UEFS/2020.1/MI - Circuitos Digitais/PBL3/circuito_principal.v Line: 2
Info (21057): Implemented 15 device resources after synthesis - the final resource count might be different
    Info (21058): Implemented 5 input pins
    Info (21059): Implemented 4 output pins
    Info (21061): Implemented 6 logic cells
Info: Quartus Prime Analysis & Synthesis was successful. 0 errors, 9 warnings
    Info: Peak virtual memory: 337 megabytes
    Info: Processing ended: Tue May 25 19:16:59 2021
    Info: Elapsed time: 00:00:32
    Info: Total CPU time (on all processors): 00:00:51


