Flow report for problema3
Mon Jun 21 23:56:28 2021
Quartus Prime Version 20.1.1 Build 720 11/11/2020 SJ Lite Edition


---------------------
; Table of Contents ;
---------------------
  1. Legal Notice
  2. Flow Summary
  3. Flow Settings
  4. Flow Non-Default Global Settings
  5. Flow Elapsed Time
  6. Flow OS Summary
  7. Flow Log
  8. Flow Messages
  9. Flow Suppressed Messages



----------------
; Legal Notice ;
----------------
Copyright (C) 2020  Intel Corporation. All rights reserved.
Your use of Intel Corporation's design tools, logic functions 
and other software and tools, and any partner logic 
functions, and any output files from any of the foregoing 
(including device programming or simulation files), and any 
associated documentation or information are expressly subject 
to the terms and conditions of the Intel Program License 
Subscription Agreement, the Intel Quartus Prime License Agreement,
the Intel FPGA IP License Agreement, or other applicable license
agreement, including, without limitation, that your use is for
the sole purpose of programming logic devices manufactured by
Intel and sold by Intel or its authorized distributors.  Please
refer to the applicable agreement for further details, at
https://fpgasoftware.intel.com/eula.



+---------------------------------------------------------------------+
; Flow Summary                                                        ;
+-----------------------+---------------------------------------------+
; Flow Status           ; Successful - Mon Jun 21 23:55:39 2021       ;
; Quartus Prime Version ; 20.1.1 Build 720 11/11/2020 SJ Lite Edition ;
; Revision Name         ; problema3                                   ;
; Top-level Entity Name ; circuito_principal                          ;
; Family                ; MAX II                                      ;
; Device                ; EPM240T100C5                                ;
; Timing Models         ; Final                                       ;
; Total logic elements  ; 104 / 240 ( 43 % )                          ;
; Total pins            ; 21 / 80 ( 26 % )                            ;
; Total virtual pins    ; 0                                           ;
; UFM blocks            ; 0 / 1 ( 0 % )                               ;
+-----------------------+---------------------------------------------+


+-----------------------------------------+
; Flow Settings                           ;
+-------------------+---------------------+
; Option            ; Setting             ;
+-------------------+---------------------+
; Start date & time ; 06/21/2021 23:53:15 ;
; Main task         ; Compilation         ;
; Revision Name     ; problema3           ;
+-------------------+---------------------+


+--------------------------------------------------------------------------------------------------------------------+
; Flow Non-Default Global Settings                                                                                   ;
+---------------------------------------+---------------------------------+---------------+-------------+------------+
; Assignment Name                       ; Value                           ; Default Value ; Entity Name ; Section Id ;
+---------------------------------------+---------------------------------+---------------+-------------+------------+
; COMPILER_SIGNATURE_ID                 ; 141448471625817.162433039501192 ; --            ; --          ; --         ;
; MAX_CORE_JUNCTION_TEMP                ; 85                              ; --            ; --          ; --         ;
; MIN_CORE_JUNCTION_TEMP                ; 0                               ; --            ; --          ; --         ;
; POWER_EXT_SUPPLY_VOLTAGE_TO_REGULATOR ; 3.3V                            ; --            ; --          ; --         ;
; PROJECT_OUTPUT_DIRECTORY              ; output_files                    ; --            ; --          ; --         ;
; TOP_LEVEL_ENTITY                      ; circuito_principal              ; problema3     ; --          ; --         ;
+---------------------------------------+---------------------------------+---------------+-------------+------------+


+--------------------------------------------------------------------------------------------------------------------------+
; Flow Elapsed Time                                                                                                        ;
+----------------------+--------------+-------------------------+---------------------+------------------------------------+
; Module Name          ; Elapsed Time ; Average Processors Used ; Peak Virtual Memory ; Total CPU Time (on all processors) ;
+----------------------+--------------+-------------------------+---------------------+------------------------------------+
; Analysis & Synthesis ; 00:01:21     ; 1.0                     ; 339 MB              ; 00:00:52                           ;
; Fitter               ; 00:00:26     ; 1.0                     ; 523 MB              ; 00:00:06                           ;
; Assembler            ; 00:00:07     ; 1.0                     ; 327 MB              ; 00:00:01                           ;
; Timing Analyzer      ; 00:00:19     ; 1.0                     ; 337 MB              ; 00:00:02                           ;
; Total                ; 00:02:13     ; --                      ; --                  ; 00:01:01                           ;
+----------------------+--------------+-------------------------+---------------------+------------------------------------+


+------------------------------------------------------------------------------------------+
; Flow OS Summary                                                                          ;
+----------------------+------------------+------------------+------------+----------------+
; Module Name          ; Machine Hostname ; OS Name          ; OS Version ; Processor type ;
+----------------------+------------------+------------------+------------+----------------+
; Analysis & Synthesis ; antony-pc        ; Debian GNU/Linux ; 10         ; x86_64         ;
; Fitter               ; antony-pc        ; Debian GNU/Linux ; 10         ; x86_64         ;
; Assembler            ; antony-pc        ; Debian GNU/Linux ; 10         ; x86_64         ;
; Timing Analyzer      ; antony-pc        ; Debian GNU/Linux ; 10         ; x86_64         ;
+----------------------+------------------+------------------+------------+----------------+


------------
; Flow Log ;
------------
quartus_map --read_settings_files=on --write_settings_files=off problema3 -c problema3
quartus_fit --read_settings_files=off --write_settings_files=off problema3 -c problema3
quartus_asm --read_settings_files=off --write_settings_files=off problema3 -c problema3
quartus_sta problema3 -c problema3



